Command line:
   mux_isim_beh.exe
     -simmode  gui
     -simrunnum  0
     -socket  54708

Wed Jun 12 13:16:32 2024


 Elaboration Time: 0.03125 sec

 Current Memory Usage: 5150.47 Meg

 Total Signals          : 63
 Total Nets             : 38
 Total Signal Drivers   : 7
 Total Blocks           : 10
 Total Primitive Blocks : 9
 Total Processes        : 7
 Total Traceable Variables  : 8
 Total Scalar Nets and Variables : 398
Total Line Count : 7

 Total Simulation Time: 0.078125 sec

 Current Memory Usage: 4678.62 Meg

Wed Jun 12 13:41:00 2024

